This file contains any messages produced by compilers while
running configure, to aid debugging if configure makes a mistake.

It was created by libsecp256k1 configure 0.1, which was
generated by GNU Autoconf 2.69.  Invocation command line was

  $ ./configure --host=i686-w64-mingw32.static --enable-static --disable-shared --enable-module-recovery

## --------- ##
## Platform. ##
## --------- ##

hostname = ubuntu
uname -m = x86_64
uname -r = 4.15.0-36-generic
uname -s = Linux
uname -v = #39~16.04.1-Ubuntu SMP Tue Sep 25 08:59:23 UTC 2018

/usr/bin/uname -p = unknown
/bin/uname -X     = unknown

/bin/arch              = unknown
/usr/bin/arch -k       = unknown
/usr/convex/getsysinfo = unknown
/usr/bin/hostinfo      = unknown
/bin/machine           = unknown
/usr/bin/oslevel       = unknown
/bin/universe          = unknown

PATH: /bin
PATH: /mnt/mxe/usr/bin
PATH: /bin
PATH: /mnt/mxe/usr/bin
PATH: /bin
PATH: /mnt/mxe/usr/bin
PATH: /home/spectre/bin
PATH: /home/spectre/.local/bin
PATH: /usr/local/sbin
PATH: /usr/local/bin
PATH: /usr/sbin
PATH: /usr/bin
PATH: /sbin
PATH: /bin
PATH: /usr/games
PATH: /usr/local/games
PATH: /snap/bin


## ----------- ##
## Core tests. ##
## ----------- ##

configure:2381: checking build system type
configure:2395: result: x86_64-pc-linux-gnu
configure:2415: checking host system type
configure:2428: result: i686-w64-mingw32.static
configure:2467: checking for a BSD-compatible install
configure:2535: result: /usr/bin/install -c
configure:2546: checking whether build environment is sane
configure:2601: result: yes
configure:2660: checking for i686-w64-mingw32.static-strip
configure:2676: found /mnt/mxe/usr/bin/i686-w64-mingw32.static-strip
configure:2687: result: i686-w64-mingw32.static-strip
configure:2752: checking for a thread-safe mkdir -p
configure:2791: result: /bin/mkdir -p
configure:2798: checking for gawk
configure:2828: result: no
configure:2798: checking for mawk
configure:2814: found /usr/bin/mawk
configure:2825: result: mawk
configure:2836: checking whether make sets $(MAKE)
configure:2858: result: yes
configure:2887: checking whether make supports nested variables
configure:2904: result: yes
configure:3076: checking how to print strings
configure:3103: result: printf
configure:3136: checking for style of include used by make
configure:3164: result: GNU
configure:3195: checking for i686-w64-mingw32.static-gcc
configure:3211: found /mnt/mxe/usr/bin/i686-w64-mingw32.static-gcc
configure:3222: result: i686-w64-mingw32.static-gcc
configure:3491: checking for C compiler version
configure:3500: i686-w64-mingw32.static-gcc --version >&5
i686-w64-mingw32.static-gcc (GCC) 5.5.0
Copyright (C) 2015 Free Software Foundation, Inc.
This is free software; see the source for copying conditions.  There is NO
warranty; not even for MERCHANTABILITY or FITNESS FOR A PARTICULAR PURPOSE.

configure:3511: $? = 0
configure:3500: i686-w64-mingw32.static-gcc -v >&5
Using built-in specs.
COLLECT_GCC=i686-w64-mingw32.static-gcc
COLLECT_LTO_WRAPPER=/mnt/mxe/usr/libexec/gcc/i686-w64-mingw32.static/5.5.0/lto-wrapper
Target: i686-w64-mingw32.static
Configured with: /mnt/mxe/tmp-gcc-i686-w64-mingw32.static/gcc-5.5.0/configure ac_cv_prog_HAVE_DOXYGEN=false --enable-doc=no --enable-gtk-doc=no --enable-gtk-doc-html=no --enable-gtk-doc-pdf=no --docdir=/mnt/mxe/tmp-gcc-i686-w64-mingw32.static/gcc-5.5.0.build_.sink --infodir=/mnt/mxe/tmp-gcc-i686-w64-mingw32.static/gcc-5.5.0.build_.sink --mandir=/mnt/mxe/tmp-gcc-i686-w64-mingw32.static/gcc-5.5.0.build_.sink --with-html-dir=/mnt/mxe/tmp-gcc-i686-w64-mingw32.static/gcc-5.5.0.build_.sink --disable-doxygen --target=i686-w64-mingw32.static --build=x86_64-pc-linux-gnu --prefix=/mnt/mxe/usr --libdir=/mnt/mxe/usr/lib --with-sysroot=/mnt/mxe/usr/i686-w64-mingw32.static --enable-languages=c,c++,objc,fortran --enable-version-specific-runtime-libs --with-gcc --with-gnu-ld --with-gnu-as --disable-nls --disable-shared --disable-multilib --without-x --disable-win32-registry --enable-threads=win32 --enable-sjlj-exceptions --enable-libgomp --with-gmp=/mnt/mxe/usr/x86_64-pc-linux-gnu --with-isl=/mnt/mxe/usr/x86_64-pc-linux-gnu --with-mpc=/mnt/mxe/usr/x86_64-pc-linux-gnu --with-mpfr=/mnt/mxe/usr/x86_64-pc-linux-gnu --with-as=/mnt/mxe/usr/bin/i686-w64-mingw32.static-as --with-ld=/mnt/mxe/usr/bin/i686-w64-mingw32.static-ld --with-nm=/mnt/mxe/usr/bin/i686-w64-mingw32.static-nm
Thread model: win32
gcc version 5.5.0 (GCC) 
configure:3511: $? = 0
configure:3500: i686-w64-mingw32.static-gcc -V >&5
i686-w64-mingw32.static-gcc: error: unrecognized command line option '-V'
i686-w64-mingw32.static-gcc: fatal error: no input files
compilation terminated.
configure:3511: $? = 1
configure:3500: i686-w64-mingw32.static-gcc -qversion >&5
i686-w64-mingw32.static-gcc: error: unrecognized command line option '-qversion'
i686-w64-mingw32.static-gcc: fatal error: no input files
compilation terminated.
configure:3511: $? = 1
configure:3531: checking whether the C compiler works
configure:3553: i686-w64-mingw32.static-gcc    conftest.c  >&5
configure:3557: $? = 0
configure:3605: result: yes
configure:3608: checking for C compiler default output file name
configure:3610: result: a.exe
configure:3616: checking for suffix of executables
configure:3623: i686-w64-mingw32.static-gcc -o conftest.exe    conftest.c  >&5
configure:3627: $? = 0
configure:3649: result: .exe
configure:3671: checking whether we are cross compiling
configure:3679: i686-w64-mingw32.static-gcc -o conftest.exe    conftest.c  >&5
configure:3683: $? = 0
configure:3690: ./conftest.exe
configure:3694: $? = 0
configure:3709: result: no
configure:3714: checking for suffix of object files
configure:3736: i686-w64-mingw32.static-gcc -c   conftest.c >&5
configure:3740: $? = 0
configure:3761: result: o
configure:3765: checking whether we are using the GNU C compiler
configure:3784: i686-w64-mingw32.static-gcc -c   conftest.c >&5
configure:3784: $? = 0
configure:3793: result: yes
configure:3802: checking whether i686-w64-mingw32.static-gcc accepts -g
configure:3822: i686-w64-mingw32.static-gcc -c -g  conftest.c >&5
configure:3822: $? = 0
configure:3863: result: yes
configure:3880: checking for i686-w64-mingw32.static-gcc option to accept ISO C89
configure:3943: i686-w64-mingw32.static-gcc  -c -g -O2  conftest.c >&5
configure:3943: $? = 0
configure:3956: result: none needed
configure:3981: checking whether i686-w64-mingw32.static-gcc understands -c and -o together
configure:4003: i686-w64-mingw32.static-gcc -c conftest.c -o conftest2.o
configure:4006: $? = 0
configure:4003: i686-w64-mingw32.static-gcc -c conftest.c -o conftest2.o
configure:4006: $? = 0
configure:4018: result: yes
configure:4037: checking dependency style of i686-w64-mingw32.static-gcc
configure:4148: result: gcc3
configure:4163: checking for a sed that does not truncate output
configure:4227: result: /bin/sed
configure:4245: checking for grep that handles long lines and -e
configure:4303: result: /bin/grep
configure:4308: checking for egrep
configure:4370: result: /bin/grep -E
configure:4375: checking for fgrep
configure:4437: result: /bin/grep -F
configure:4472: checking for ld used by i686-w64-mingw32.static-gcc
configure:4539: result: /mnt/mxe/usr/bin/i686-w64-mingw32.static-ld
configure:4546: checking if the linker (/mnt/mxe/usr/bin/i686-w64-mingw32.static-ld) is GNU ld
configure:4561: result: yes
configure:4573: checking for BSD- or MS-compatible name lister (nm)
configure:4627: result: /mnt/mxe/usr/bin/i686-w64-mingw32.static-nm -B
configure:4757: checking the name lister (/mnt/mxe/usr/bin/i686-w64-mingw32.static-nm -B) interface
configure:4764: i686-w64-mingw32.static-gcc -c -g -O2  conftest.c >&5
configure:4767: /mnt/mxe/usr/bin/i686-w64-mingw32.static-nm -B "conftest.o"
configure:4770: output
00000000 b .bss
00000000 d .data
00000000 N .debug_abbrev
00000000 N .debug_aranges
00000000 N .debug_info
00000000 N .debug_line
00000000 r .rdata$zzz
00000000 t .text
00000000 B _some_variable
configure:4777: result: BSD nm
configure:4780: checking whether ln -s works
configure:4784: result: yes
configure:4792: checking the maximum length of command line arguments
configure:4923: result: 1572864
configure:4971: checking how to convert x86_64-pc-linux-gnu file names to i686-w64-mingw32.static format
configure:5011: result: func_convert_file_nix_to_w32
configure:5018: checking how to convert x86_64-pc-linux-gnu file names to toolchain format
configure:5038: result: func_convert_file_noop
configure:5045: checking for /mnt/mxe/usr/bin/i686-w64-mingw32.static-ld option to reload object files
configure:5052: result: -r
configure:5086: checking for i686-w64-mingw32.static-objdump
configure:5102: found /mnt/mxe/usr/bin/i686-w64-mingw32.static-objdump
configure:5113: result: i686-w64-mingw32.static-objdump
configure:5185: checking how to recognize dependent libraries
configure:5385: result: file_magic ^x86 archive import|^x86 DLL
configure:5430: checking for i686-w64-mingw32.static-dlltool
configure:5446: found /mnt/mxe/usr/bin/i686-w64-mingw32.static-dlltool
configure:5457: result: i686-w64-mingw32.static-dlltool
configure:5530: checking how to associate runtime and link libraries
configure:5557: result: func_cygming_dll_for_implib
configure:5574: checking for i686-w64-mingw32.static-ar
configure:5590: found /mnt/mxe/usr/bin/i686-w64-mingw32.static-ar
configure:5601: result: i686-w64-mingw32.static-ar
configure:5682: checking for archiver @FILE support
configure:5699: i686-w64-mingw32.static-gcc -c -g -O2  conftest.c >&5
configure:5699: $? = 0
configure:5702: i686-w64-mingw32.static-ar cru libconftest.a @conftest.lst >&5
i686-w64-mingw32.static-ar: `u' modifier ignored since `D' is the default (see `U')
configure:5705: $? = 0
configure:5710: i686-w64-mingw32.static-ar cru libconftest.a @conftest.lst >&5
i686-w64-mingw32.static-ar: `u' modifier ignored since `D' is the default (see `U')
i686-w64-mingw32.static-ar: conftest.o: No such file or directory
configure:5713: $? = 1
configure:5725: result: @
configure:5743: checking for i686-w64-mingw32.static-strip
configure:5770: result: i686-w64-mingw32.static-strip
configure:5842: checking for i686-w64-mingw32.static-ranlib
configure:5858: found /mnt/mxe/usr/bin/i686-w64-mingw32.static-ranlib
configure:5869: result: i686-w64-mingw32.static-ranlib
configure:6011: checking command to parse /mnt/mxe/usr/bin/i686-w64-mingw32.static-nm -B output from i686-w64-mingw32.static-gcc object
configure:6164: i686-w64-mingw32.static-gcc -c -g -O2  conftest.c >&5
configure:6167: $? = 0
configure:6171: /mnt/mxe/usr/bin/i686-w64-mingw32.static-nm -B conftest.o \| sed -n -e 's/^.*[ ]\([ABCDGIRSTW][ABCDGIRSTW]*\)[ ][ ]*\([_A-Za-z][_A-Za-z0-9]*\)$/\1 \2 \2/p' | sed '/ __gnu_lto/d' \> conftest.nm
configure:6174: $? = 0
cannot find nm_test_var in conftest.nm
configure:6164: i686-w64-mingw32.static-gcc -c -g -O2  conftest.c >&5
configure:6167: $? = 0
configure:6171: /mnt/mxe/usr/bin/i686-w64-mingw32.static-nm -B conftest.o \| sed -n -e 's/^.*[ ]\([ABCDGIRSTW][ABCDGIRSTW]*\)[ ][ ]*_\([_A-Za-z][_A-Za-z0-9]*\)$/\1 _\2 \2/p' | sed '/ __gnu_lto/d' \> conftest.nm
configure:6174: $? = 0
configure:6240: i686-w64-mingw32.static-gcc -o conftest.exe -g -O2   conftest.c conftstm.o >&5
configure:6243: $? = 0
configure:6281: result: ok
configure:6328: checking for sysroot
configure:6358: result: no
configure:6365: checking for a working dd
configure:6403: result: /bin/dd
configure:6407: checking how to truncate binary pipes
configure:6422: result: /bin/dd bs=4096 count=1
configure:6711: checking for i686-w64-mingw32.static-mt
configure:6741: result: no
configure:6751: checking for mt
configure:6767: found /bin/mt
configure:6778: result: mt
configure:6801: checking if mt is a manifest tool
configure:6807: mt '-?'
configure:6815: result: no
configure:7492: checking how to run the C preprocessor
configure:7523: i686-w64-mingw32.static-gcc -E  conftest.c
configure:7523: $? = 0
configure:7537: i686-w64-mingw32.static-gcc -E  conftest.c
conftest.c:11:28: fatal error: ac_nonexistent.h: No such file or directory
compilation terminated.
configure:7537: $? = 1
configure: failed program was:
| /* confdefs.h */
| #define PACKAGE_NAME "libsecp256k1"
| #define PACKAGE_TARNAME "libsecp256k1"
| #define PACKAGE_VERSION "0.1"
| #define PACKAGE_STRING "libsecp256k1 0.1"
| #define PACKAGE_BUGREPORT ""
| #define PACKAGE_URL ""
| #define PACKAGE "libsecp256k1"
| #define VERSION "0.1"
| /* end confdefs.h.  */
| #include <ac_nonexistent.h>
configure:7562: result: i686-w64-mingw32.static-gcc -E
configure:7582: i686-w64-mingw32.static-gcc -E  conftest.c
configure:7582: $? = 0
configure:7596: i686-w64-mingw32.static-gcc -E  conftest.c
conftest.c:11:28: fatal error: ac_nonexistent.h: No such file or directory
compilation terminated.
configure:7596: $? = 1
configure: failed program was:
| /* confdefs.h */
| #define PACKAGE_NAME "libsecp256k1"
| #define PACKAGE_TARNAME "libsecp256k1"
| #define PACKAGE_VERSION "0.1"
| #define PACKAGE_STRING "libsecp256k1 0.1"
| #define PACKAGE_BUGREPORT ""
| #define PACKAGE_URL ""
| #define PACKAGE "libsecp256k1"
| #define VERSION "0.1"
| /* end confdefs.h.  */
| #include <ac_nonexistent.h>
configure:7625: checking for ANSI C header files
configure:7645: i686-w64-mingw32.static-gcc -c -g -O2  conftest.c >&5
configure:7645: $? = 0
configure:7718: i686-w64-mingw32.static-gcc -o conftest.exe -g -O2   conftest.c  >&5
configure:7718: $? = 0
configure:7718: ./conftest.exe
configure:7718: $? = 0
configure:7729: result: yes
configure:7742: checking for sys/types.h
configure:7742: i686-w64-mingw32.static-gcc -c -g -O2  conftest.c >&5
configure:7742: $? = 0
configure:7742: result: yes
configure:7742: checking for sys/stat.h
configure:7742: i686-w64-mingw32.static-gcc -c -g -O2  conftest.c >&5
configure:7742: $? = 0
configure:7742: result: yes
configure:7742: checking for stdlib.h
configure:7742: i686-w64-mingw32.static-gcc -c -g -O2  conftest.c >&5
configure:7742: $? = 0
configure:7742: result: yes
configure:7742: checking for string.h
configure:7742: i686-w64-mingw32.static-gcc -c -g -O2  conftest.c >&5
configure:7742: $? = 0
configure:7742: result: yes
configure:7742: checking for memory.h
configure:7742: i686-w64-mingw32.static-gcc -c -g -O2  conftest.c >&5
configure:7742: $? = 0
configure:7742: result: yes
configure:7742: checking for strings.h
configure:7742: i686-w64-mingw32.static-gcc -c -g -O2  conftest.c >&5
configure:7742: $? = 0
configure:7742: result: yes
configure:7742: checking for inttypes.h
configure:7742: i686-w64-mingw32.static-gcc -c -g -O2  conftest.c >&5
configure:7742: $? = 0
configure:7742: result: yes
configure:7742: checking for stdint.h
configure:7742: i686-w64-mingw32.static-gcc -c -g -O2  conftest.c >&5
configure:7742: $? = 0
configure:7742: result: yes
configure:7742: checking for unistd.h
configure:7742: i686-w64-mingw32.static-gcc -c -g -O2  conftest.c >&5
configure:7742: $? = 0
configure:7742: result: yes
configure:7756: checking for dlfcn.h
configure:7756: i686-w64-mingw32.static-gcc -c -g -O2  conftest.c >&5
conftest.c:55:19: fatal error: dlfcn.h: No such file or directory
compilation terminated.
configure:7756: $? = 1
configure: failed program was:
| /* confdefs.h */
| #define PACKAGE_NAME "libsecp256k1"
| #define PACKAGE_TARNAME "libsecp256k1"
| #define PACKAGE_VERSION "0.1"
| #define PACKAGE_STRING "libsecp256k1 0.1"
| #define PACKAGE_BUGREPORT ""
| #define PACKAGE_URL ""
| #define PACKAGE "libsecp256k1"
| #define VERSION "0.1"
| #define STDC_HEADERS 1
| #define HAVE_SYS_TYPES_H 1
| #define HAVE_SYS_STAT_H 1
| #define HAVE_STDLIB_H 1
| #define HAVE_STRING_H 1
| #define HAVE_MEMORY_H 1
| #define HAVE_STRINGS_H 1
| #define HAVE_INTTYPES_H 1
| #define HAVE_STDINT_H 1
| #define HAVE_UNISTD_H 1
| /* end confdefs.h.  */
| #include <stdio.h>
| #ifdef HAVE_SYS_TYPES_H
| # include <sys/types.h>
| #endif
| #ifdef HAVE_SYS_STAT_H
| # include <sys/stat.h>
| #endif
| #ifdef STDC_HEADERS
| # include <stdlib.h>
| # include <stddef.h>
| #else
| # ifdef HAVE_STDLIB_H
| #  include <stdlib.h>
| # endif
| #endif
| #ifdef HAVE_STRING_H
| # if !defined STDC_HEADERS && defined HAVE_MEMORY_H
| #  include <memory.h>
| # endif
| # include <string.h>
| #endif
| #ifdef HAVE_STRINGS_H
| # include <strings.h>
| #endif
| #ifdef HAVE_INTTYPES_H
| # include <inttypes.h>
| #endif
| #ifdef HAVE_STDINT_H
| # include <stdint.h>
| #endif
| #ifdef HAVE_UNISTD_H
| # include <unistd.h>
| #endif
| 
| #include <dlfcn.h>
configure:7756: result: no
configure:8012: checking for objdir
configure:8027: result: .libs
configure:8291: checking if i686-w64-mingw32.static-gcc supports -fno-rtti -fno-exceptions
configure:8309: i686-w64-mingw32.static-gcc -c -g -O2  -fno-rtti -fno-exceptions conftest.c >&5
cc1: warning: command line option '-fno-rtti' is valid for C++/ObjC++ but not for C
configure:8313: $? = 0
configure:8326: result: no
configure:8684: checking for i686-w64-mingw32.static-gcc option to produce PIC
configure:8691: result: -DDLL_EXPORT -DPIC
configure:8699: checking if i686-w64-mingw32.static-gcc PIC flag -DDLL_EXPORT -DPIC works
configure:8717: i686-w64-mingw32.static-gcc -c -g -O2  -DDLL_EXPORT -DPIC -DPIC conftest.c >&5
configure:8721: $? = 0
configure:8734: result: yes
configure:8763: checking if i686-w64-mingw32.static-gcc static flag -static works
configure:8791: result: yes
configure:8806: checking if i686-w64-mingw32.static-gcc supports -c -o file.o
configure:8827: i686-w64-mingw32.static-gcc -c -g -O2  -o out/conftest2.o conftest.c >&5
configure:8831: $? = 0
configure:8853: result: yes
configure:8861: checking if i686-w64-mingw32.static-gcc supports -c -o file.o
configure:8908: result: yes
configure:8941: checking whether the i686-w64-mingw32.static-gcc linker (/mnt/mxe/usr/bin/i686-w64-mingw32.static-ld) supports shared libraries
configure:10204: result: yes
configure:10444: checking dynamic linker characteristics
configure:11274: result: Win32 ld.exe
configure:11396: checking how to hardcode library paths into programs
configure:11421: result: immediate
configure:11969: checking whether stripping libraries is possible
configure:11974: result: yes
configure:12009: checking if libtool supports shared libraries
configure:12011: result: yes
configure:12014: checking whether to build shared libraries
configure:12039: result: no
configure:12042: checking whether to build static libraries
configure:12046: result: yes
configure:12095: checking whether make supports nested variables
configure:12112: result: yes
configure:12135: checking for i686-w64-mingw32.static-pkg-config
configure:12153: found /mnt/mxe/usr/bin/i686-w64-mingw32.static-pkg-config
configure:12165: result: /mnt/mxe/usr/bin/i686-w64-mingw32.static-pkg-config
configure:12233: checking pkg-config is at least version 0.9.0
configure:12236: result: yes
configure:12248: checking for i686-w64-mingw32.static-ar
configure:12266: found /mnt/mxe/usr/bin/i686-w64-mingw32.static-ar
configure:12278: result: /mnt/mxe/usr/bin/i686-w64-mingw32.static-ar
configure:12346: checking for i686-w64-mingw32.static-ranlib
configure:12364: found /mnt/mxe/usr/bin/i686-w64-mingw32.static-ranlib
configure:12376: result: /mnt/mxe/usr/bin/i686-w64-mingw32.static-ranlib
configure:12444: checking for i686-w64-mingw32.static-strip
configure:12462: found /mnt/mxe/usr/bin/i686-w64-mingw32.static-strip
configure:12474: result: /mnt/mxe/usr/bin/i686-w64-mingw32.static-strip
configure:12595: checking for gcc
configure:12611: found /usr/bin/gcc
configure:12622: result: gcc
configure:12851: checking for C compiler version
configure:12860: gcc --version >&5
gcc (Ubuntu 5.4.0-6ubuntu1~16.04.10) 5.4.0 20160609
Copyright (C) 2015 Free Software Foundation, Inc.
This is free software; see the source for copying conditions.  There is NO
warranty; not even for MERCHANTABILITY or FITNESS FOR A PARTICULAR PURPOSE.

configure:12871: $? = 0
configure:12860: gcc -v >&5
Using built-in specs.
COLLECT_GCC=gcc
COLLECT_LTO_WRAPPER=/usr/lib/gcc/x86_64-linux-gnu/5/lto-wrapper
Target: x86_64-linux-gnu
Configured with: ../src/configure -v --with-pkgversion='Ubuntu 5.4.0-6ubuntu1~16.04.10' --with-bugurl=file:///usr/share/doc/gcc-5/README.Bugs --enable-languages=c,ada,c++,java,go,d,fortran,objc,obj-c++ --prefix=/usr --program-suffix=-5 --enable-shared --enable-linker-build-id --libexecdir=/usr/lib --without-included-gettext --enable-threads=posix --libdir=/usr/lib --enable-nls --with-sysroot=/ --enable-clocale=gnu --enable-libstdcxx-debug --enable-libstdcxx-time=yes --with-default-libstdcxx-abi=new --enable-gnu-unique-object --disable-vtable-verify --enable-libmpx --enable-plugin --with-system-zlib --disable-browser-plugin --enable-java-awt=gtk --enable-gtk-cairo --with-java-home=/usr/lib/jvm/java-1.5.0-gcj-5-amd64/jre --enable-java-home --with-jvm-root-dir=/usr/lib/jvm/java-1.5.0-gcj-5-amd64 --with-jvm-jar-dir=/usr/lib/jvm-exports/java-1.5.0-gcj-5-amd64 --with-arch-directory=amd64 --with-ecj-jar=/usr/share/java/eclipse-ecj.jar --enable-objc-gc --enable-multiarch --disable-werror --with-arch-32=i686 --with-abi=m64 --with-multilib-list=m32,m64,mx32 --enable-multilib --with-tune=generic --enable-checking=release --build=x86_64-linux-gnu --host=x86_64-linux-gnu --target=x86_64-linux-gnu
Thread model: posix
gcc version 5.4.0 20160609 (Ubuntu 5.4.0-6ubuntu1~16.04.10) 
configure:12871: $? = 0
configure:12860: gcc -V >&5
gcc: error: unrecognized command line option '-V'
gcc: fatal error: no input files
compilation terminated.
configure:12871: $? = 1
configure:12860: gcc -qversion >&5
gcc: error: unrecognized command line option '-qversion'
gcc: fatal error: no input files
compilation terminated.
configure:12871: $? = 1
configure:12875: checking whether we are using the GNU C compiler
configure:12903: result: yes
configure:12912: checking whether gcc accepts -g
configure:12932: i686-w64-mingw32.static-gcc -c -g -O2  conftest.c >&5
configure:12932: $? = 0
configure:12973: result: yes
configure:12990: checking for gcc option to accept ISO C89
configure:13066: result: none needed
configure:13091: checking whether gcc understands -c and -o together
configure:13128: result: yes
configure:13147: checking dependency style of gcc
configure:13258: result: gcc3
configure:13278: checking how to run the C preprocessor
configure:13309: i686-w64-mingw32.static-gcc -E  conftest.c
configure:13309: $? = 0
configure:13323: i686-w64-mingw32.static-gcc -E  conftest.c
conftest.c:22:28: fatal error: ac_nonexistent.h: No such file or directory
compilation terminated.
configure:13323: $? = 1
configure: failed program was:
| /* confdefs.h */
| #define PACKAGE_NAME "libsecp256k1"
| #define PACKAGE_TARNAME "libsecp256k1"
| #define PACKAGE_VERSION "0.1"
| #define PACKAGE_STRING "libsecp256k1 0.1"
| #define PACKAGE_BUGREPORT ""
| #define PACKAGE_URL ""
| #define PACKAGE "libsecp256k1"
| #define VERSION "0.1"
| #define STDC_HEADERS 1
| #define HAVE_SYS_TYPES_H 1
| #define HAVE_SYS_STAT_H 1
| #define HAVE_STDLIB_H 1
| #define HAVE_STRING_H 1
| #define HAVE_MEMORY_H 1
| #define HAVE_STRINGS_H 1
| #define HAVE_INTTYPES_H 1
| #define HAVE_STDINT_H 1
| #define HAVE_UNISTD_H 1
| #define LT_OBJDIR ".libs/"
| /* end confdefs.h.  */
| #include <ac_nonexistent.h>
configure:13348: result: gcc -E
configure:13368: i686-w64-mingw32.static-gcc -E  conftest.c
configure:13368: $? = 0
configure:13382: i686-w64-mingw32.static-gcc -E  conftest.c
conftest.c:22:28: fatal error: ac_nonexistent.h: No such file or directory
compilation terminated.
configure:13382: $? = 1
configure: failed program was:
| /* confdefs.h */
| #define PACKAGE_NAME "libsecp256k1"
| #define PACKAGE_TARNAME "libsecp256k1"
| #define PACKAGE_VERSION "0.1"
| #define PACKAGE_STRING "libsecp256k1 0.1"
| #define PACKAGE_BUGREPORT ""
| #define PACKAGE_URL ""
| #define PACKAGE "libsecp256k1"
| #define VERSION "0.1"
| #define STDC_HEADERS 1
| #define HAVE_SYS_TYPES_H 1
| #define HAVE_SYS_STAT_H 1
| #define HAVE_STDLIB_H 1
| #define HAVE_STRING_H 1
| #define HAVE_MEMORY_H 1
| #define HAVE_STRINGS_H 1
| #define HAVE_INTTYPES_H 1
| #define HAVE_STDINT_H 1
| #define HAVE_UNISTD_H 1
| #define LT_OBJDIR ".libs/"
| /* end confdefs.h.  */
| #include <ac_nonexistent.h>
configure:13426: checking for i686-w64-mingw32.static-gcc option to accept ISO C89
configure:13502: result: none needed
configure:13631: checking if i686-w64-mingw32.static-gcc supports -std=c89 -pedantic -Wall -Wextra -Wcast-align -Wnested-externs -Wshadow -Wstrict-prototypes -Wno-unused-function -Wno-long-long -Wno-overlength-strings
configure:13637: i686-w64-mingw32.static-gcc -c -g -O2 -W -std=c89 -pedantic -Wall -Wextra -Wcast-align -Wnested-externs -Wshadow -Wstrict-prototypes -Wno-unused-function -Wno-long-long -Wno-overlength-strings  conftest.c >&5
configure:13637: $? = 0
configure:13638: result: yes
configure:13650: checking if i686-w64-mingw32.static-gcc supports -fvisibility=hidden
configure:13656: i686-w64-mingw32.static-gcc -c -g -O2 -W -std=c89 -pedantic -Wall -Wextra -Wcast-align -Wnested-externs -Wshadow -Wstrict-prototypes -Wno-unused-function -Wno-long-long -Wno-overlength-strings -fvisibility=hidden  conftest.c >&5
configure:13656: $? = 0
configure:13657: result: yes
configure:13767: checking for __int128
configure:13767: i686-w64-mingw32.static-gcc -c -g -O2 -W -std=c89 -pedantic -Wall -Wextra -Wcast-align -Wnested-externs -Wshadow -Wstrict-prototypes -Wno-unused-function -Wno-long-long -Wno-overlength-strings -fvisibility=hidden  conftest.c >&5
conftest.c:56:1: warning: function declaration isn't a prototype [-Wstrict-prototypes]
 main ()
 ^
conftest.c: In function 'main':
conftest.c:58:13: error: expected expression before '__int128'
 if (sizeof (__int128))
             ^
configure:13767: $? = 1
configure: failed program was:
| /* confdefs.h */
| #define PACKAGE_NAME "libsecp256k1"
| #define PACKAGE_TARNAME "libsecp256k1"
| #define PACKAGE_VERSION "0.1"
| #define PACKAGE_STRING "libsecp256k1 0.1"
| #define PACKAGE_BUGREPORT ""
| #define PACKAGE_URL ""
| #define PACKAGE "libsecp256k1"
| #define VERSION "0.1"
| #define STDC_HEADERS 1
| #define HAVE_SYS_TYPES_H 1
| #define HAVE_SYS_STAT_H 1
| #define HAVE_STDLIB_H 1
| #define HAVE_STRING_H 1
| #define HAVE_MEMORY_H 1
| #define HAVE_STRINGS_H 1
| #define HAVE_INTTYPES_H 1
| #define HAVE_STDINT_H 1
| #define HAVE_UNISTD_H 1
| #define LT_OBJDIR ".libs/"
| /* end confdefs.h.  */
| #include <stdio.h>
| #ifdef HAVE_SYS_TYPES_H
| # include <sys/types.h>
| #endif
| #ifdef HAVE_SYS_STAT_H
| # include <sys/stat.h>
| #endif
| #ifdef STDC_HEADERS
| # include <stdlib.h>
| # include <stddef.h>
| #else
| # ifdef HAVE_STDLIB_H
| #  include <stdlib.h>
| # endif
| #endif
| #ifdef HAVE_STRING_H
| # if !defined STDC_HEADERS && defined HAVE_MEMORY_H
| #  include <memory.h>
| # endif
| # include <string.h>
| #endif
| #ifdef HAVE_STRINGS_H
| # include <strings.h>
| #endif
| #ifdef HAVE_INTTYPES_H
| # include <inttypes.h>
| #endif
| #ifdef HAVE_STDINT_H
| # include <stdint.h>
| #endif
| #ifdef HAVE_UNISTD_H
| # include <unistd.h>
| #endif
| int
| main ()
| {
| if (sizeof (__int128))
| 	 return 0;
|   ;
|   return 0;
| }
configure:13767: result: no
configure:13778: checking for __builtin_expect
configure:13784: i686-w64-mingw32.static-gcc -c -g -O2 -W -std=c89 -pedantic -Wall -Wextra -Wcast-align -Wnested-externs -Wshadow -Wstrict-prototypes -Wno-unused-function -Wno-long-long -Wno-overlength-strings -fvisibility=hidden  conftest.c >&5
conftest.c:22:6: warning: function declaration isn't a prototype [-Wstrict-prototypes]
 void myfunc() {__builtin_expect(0,0);}
      ^
conftest.c: In function 'myfunc':
conftest.c:22:16: warning: statement with no effect [-Wunused-value]
 void myfunc() {__builtin_expect(0,0);}
                ^
configure:13784: $? = 0
configure:13785: result: yes
configure:13798: checking for x86_64 assembly availability
configure:13815: i686-w64-mingw32.static-gcc -c -g -O2 -W -std=c89 -pedantic -Wall -Wextra -Wcast-align -Wnested-externs -Wshadow -Wstrict-prototypes -Wno-unused-function -Wno-long-long -Wno-overlength-strings -fvisibility=hidden  conftest.c >&5
conftest.c:26:1: warning: function declaration isn't a prototype [-Wstrict-prototypes]
 main ()
 ^
conftest.c: In function 'main':
conftest.c:30:3: warning: 'tmp' is used uninitialized in this function [-Wuninitialized]
   __asm__ __volatile__("movq SECP_64BIT_ASM_CHECKx100000000,%1; mulq %%rsi" : "+a"(a) : "S"(tmp) : "cc", "%rdx");
   ^
conftest.c:30:3: error: inconsistent operand constraints in an 'asm'
   __asm__ __volatile__("movq SECP_64BIT_ASM_CHECKx100000000,%1; mulq %%rsi" : "+a"(a) : "S"(tmp) : "cc", "%rdx");
   ^
configure:13815: $? = 1
configure: failed program was:
| /* confdefs.h */
| #define PACKAGE_NAME "libsecp256k1"
| #define PACKAGE_TARNAME "libsecp256k1"
| #define PACKAGE_VERSION "0.1"
| #define PACKAGE_STRING "libsecp256k1 0.1"
| #define PACKAGE_BUGREPORT ""
| #define PACKAGE_URL ""
| #define PACKAGE "libsecp256k1"
| #define VERSION "0.1"
| #define STDC_HEADERS 1
| #define HAVE_SYS_TYPES_H 1
| #define HAVE_SYS_STAT_H 1
| #define HAVE_STDLIB_H 1
| #define HAVE_STRING_H 1
| #define HAVE_MEMORY_H 1
| #define HAVE_STRINGS_H 1
| #define HAVE_INTTYPES_H 1
| #define HAVE_STDINT_H 1
| #define HAVE_UNISTD_H 1
| #define LT_OBJDIR ".libs/"
| #define HAVE_BUILTIN_EXPECT 1
| /* end confdefs.h.  */
| 
|   #include <stdint.h>
| int
| main ()
| {
| 
|   uint64_t a = 11, tmp;
|   __asm__ __volatile__("movq SECP_64BIT_ASM_CHECKx100000000,%1; mulq %%rsi" : "+a"(a) : "S"(tmp) : "cc", "%rdx");
| 
|   ;
|   return 0;
| }
configure:13821: result: no
configure:13945: checking gmp.h usability
configure:13945: i686-w64-mingw32.static-gcc -c -g -O2 -W -std=c89 -pedantic -Wall -Wextra -Wcast-align -Wnested-externs -Wshadow -Wstrict-prototypes -Wno-unused-function -Wno-long-long -Wno-overlength-strings -fvisibility=hidden   conftest.c >&5
conftest.c:56:17: fatal error: gmp.h: No such file or directory
compilation terminated.
configure:13945: $? = 1
configure: failed program was:
| /* confdefs.h */
| #define PACKAGE_NAME "libsecp256k1"
| #define PACKAGE_TARNAME "libsecp256k1"
| #define PACKAGE_VERSION "0.1"
| #define PACKAGE_STRING "libsecp256k1 0.1"
| #define PACKAGE_BUGREPORT ""
| #define PACKAGE_URL ""
| #define PACKAGE "libsecp256k1"
| #define VERSION "0.1"
| #define STDC_HEADERS 1
| #define HAVE_SYS_TYPES_H 1
| #define HAVE_SYS_STAT_H 1
| #define HAVE_STDLIB_H 1
| #define HAVE_STRING_H 1
| #define HAVE_MEMORY_H 1
| #define HAVE_STRINGS_H 1
| #define HAVE_INTTYPES_H 1
| #define HAVE_STDINT_H 1
| #define HAVE_UNISTD_H 1
| #define LT_OBJDIR ".libs/"
| #define HAVE_BUILTIN_EXPECT 1
| /* end confdefs.h.  */
| #include <stdio.h>
| #ifdef HAVE_SYS_TYPES_H
| # include <sys/types.h>
| #endif
| #ifdef HAVE_SYS_STAT_H
| # include <sys/stat.h>
| #endif
| #ifdef STDC_HEADERS
| # include <stdlib.h>
| # include <stddef.h>
| #else
| # ifdef HAVE_STDLIB_H
| #  include <stdlib.h>
| # endif
| #endif
| #ifdef HAVE_STRING_H
| # if !defined STDC_HEADERS && defined HAVE_MEMORY_H
| #  include <memory.h>
| # endif
| # include <string.h>
| #endif
| #ifdef HAVE_STRINGS_H
| # include <strings.h>
| #endif
| #ifdef HAVE_INTTYPES_H
| # include <inttypes.h>
| #endif
| #ifdef HAVE_STDINT_H
| # include <stdint.h>
| #endif
| #ifdef HAVE_UNISTD_H
| # include <unistd.h>
| #endif
| #include <gmp.h>
configure:13945: result: no
configure:13945: checking gmp.h presence
configure:13945: i686-w64-mingw32.static-gcc -E   conftest.c
conftest.c:23:17: fatal error: gmp.h: No such file or directory
compilation terminated.
configure:13945: $? = 1
configure: failed program was:
| /* confdefs.h */
| #define PACKAGE_NAME "libsecp256k1"
| #define PACKAGE_TARNAME "libsecp256k1"
| #define PACKAGE_VERSION "0.1"
| #define PACKAGE_STRING "libsecp256k1 0.1"
| #define PACKAGE_BUGREPORT ""
| #define PACKAGE_URL ""
| #define PACKAGE "libsecp256k1"
| #define VERSION "0.1"
| #define STDC_HEADERS 1
| #define HAVE_SYS_TYPES_H 1
| #define HAVE_SYS_STAT_H 1
| #define HAVE_STDLIB_H 1
| #define HAVE_STRING_H 1
| #define HAVE_MEMORY_H 1
| #define HAVE_STRINGS_H 1
| #define HAVE_INTTYPES_H 1
| #define HAVE_STDINT_H 1
| #define HAVE_UNISTD_H 1
| #define LT_OBJDIR ".libs/"
| #define HAVE_BUILTIN_EXPECT 1
| /* end confdefs.h.  */
| #include <gmp.h>
configure:13945: result: no
configure:13945: checking for gmp.h
configure:13945: result: no
configure:14162: checking for CRYPTO
configure:14169: $PKG_CONFIG --exists --print-errors "libcrypto"
configure:14172: $? = 0
configure:14186: $PKG_CONFIG --exists --print-errors "libcrypto"
configure:14189: $? = 0
configure:14227: result: yes
configure:14234: checking for main in -lcrypto
configure:14253: i686-w64-mingw32.static-gcc -o conftest.exe -g -O2 -W -std=c89 -pedantic -Wall -Wextra -Wcast-align -Wnested-externs -Wshadow -Wstrict-prototypes -Wno-unused-function -Wno-long-long -Wno-overlength-strings -fvisibility=hidden   conftest.c -lcrypto   -lcrypto -lws2_32 -lgdi32 -lcrypt32 -lz   >&5
conftest.c:31:1: warning: function declaration isn't a prototype [-Wstrict-prototypes]
 main ()
 ^
configure:14253: $? = 0
configure:14262: result: yes
configure:14326: checking for EC functions in libcrypto
configure:14347: i686-w64-mingw32.static-gcc -c -g -O2 -W -std=c89 -pedantic -Wall -Wextra -Wcast-align -Wnested-externs -Wshadow -Wstrict-prototypes -Wno-unused-function -Wno-long-long -Wno-overlength-strings -fvisibility=hidden  conftest.c >&5
conftest.c:34:1: warning: function declaration isn't a prototype [-Wstrict-prototypes]
 main ()
 ^
configure:14347: $? = 0
configure:14353: result: yes
configure:14408: checking whether byte ordering is bigendian
configure:14423: i686-w64-mingw32.static-gcc -c -g -O2 -W -std=c89 -pedantic -Wall -Wextra -Wcast-align -Wnested-externs -Wshadow -Wstrict-prototypes -Wno-unused-function -Wno-long-long -Wno-overlength-strings -fvisibility=hidden  conftest.c >&5
conftest.c:33:9: error: unknown type name 'not'
         not a universal capable compiler
         ^
conftest.c:33:15: error: expected '=', ',', ';', 'asm' or '__attribute__' before 'universal'
         not a universal capable compiler
               ^
conftest.c:33:15: error: unknown type name 'universal'
configure:14423: $? = 1
configure: failed program was:
| /* confdefs.h */
| #define PACKAGE_NAME "libsecp256k1"
| #define PACKAGE_TARNAME "libsecp256k1"
| #define PACKAGE_VERSION "0.1"
| #define PACKAGE_STRING "libsecp256k1 0.1"
| #define PACKAGE_BUGREPORT ""
| #define PACKAGE_URL ""
| #define PACKAGE "libsecp256k1"
| #define VERSION "0.1"
| #define STDC_HEADERS 1
| #define HAVE_SYS_TYPES_H 1
| #define HAVE_SYS_STAT_H 1
| #define HAVE_STDLIB_H 1
| #define HAVE_STRING_H 1
| #define HAVE_MEMORY_H 1
| #define HAVE_STRINGS_H 1
| #define HAVE_INTTYPES_H 1
| #define HAVE_STDINT_H 1
| #define HAVE_UNISTD_H 1
| #define LT_OBJDIR ".libs/"
| #define HAVE_BUILTIN_EXPECT 1
| #define USE_FIELD_10X26 1
| #define USE_NUM_NONE 1
| #define USE_FIELD_INV_BUILTIN 1
| #define USE_SCALAR_INV_BUILTIN 1
| #define USE_SCALAR_8X32 1
| #define HAVE_LIBCRYPTO 1
| #define ENABLE_OPENSSL_TESTS 1
| #define USE_ECMULT_STATIC_PRECOMPUTATION 1
| #define ENABLE_MODULE_RECOVERY 1
| /* end confdefs.h.  */
| #ifndef __APPLE_CC__
| 	       not a universal capable compiler
| 	     #endif
| 	     typedef int dummy;
| 
configure:14468: i686-w64-mingw32.static-gcc -c -g -O2 -W -std=c89 -pedantic -Wall -Wextra -Wcast-align -Wnested-externs -Wshadow -Wstrict-prototypes -Wno-unused-function -Wno-long-long -Wno-overlength-strings -fvisibility=hidden  conftest.c >&5
conftest.c:36:1: warning: function declaration isn't a prototype [-Wstrict-prototypes]
 main ()
 ^
configure:14468: $? = 0
configure:14486: i686-w64-mingw32.static-gcc -c -g -O2 -W -std=c89 -pedantic -Wall -Wextra -Wcast-align -Wnested-externs -Wshadow -Wstrict-prototypes -Wno-unused-function -Wno-long-long -Wno-overlength-strings -fvisibility=hidden  conftest.c >&5
conftest.c:36:1: warning: function declaration isn't a prototype [-Wstrict-prototypes]
 main ()
 ^
conftest.c: In function 'main':
conftest.c:39:4: error: unknown type name 'not'
    not big endian
    ^
conftest.c:39:12: error: expected '=', ',', ';', 'asm' or '__attribute__' before 'endian'
    not big endian
            ^
configure:14486: $? = 1
configure: failed program was:
| /* confdefs.h */
| #define PACKAGE_NAME "libsecp256k1"
| #define PACKAGE_TARNAME "libsecp256k1"
| #define PACKAGE_VERSION "0.1"
| #define PACKAGE_STRING "libsecp256k1 0.1"
| #define PACKAGE_BUGREPORT ""
| #define PACKAGE_URL ""
| #define PACKAGE "libsecp256k1"
| #define VERSION "0.1"
| #define STDC_HEADERS 1
| #define HAVE_SYS_TYPES_H 1
| #define HAVE_SYS_STAT_H 1
| #define HAVE_STDLIB_H 1
| #define HAVE_STRING_H 1
| #define HAVE_MEMORY_H 1
| #define HAVE_STRINGS_H 1
| #define HAVE_INTTYPES_H 1
| #define HAVE_STDINT_H 1
| #define HAVE_UNISTD_H 1
| #define LT_OBJDIR ".libs/"
| #define HAVE_BUILTIN_EXPECT 1
| #define USE_FIELD_10X26 1
| #define USE_NUM_NONE 1
| #define USE_FIELD_INV_BUILTIN 1
| #define USE_SCALAR_INV_BUILTIN 1
| #define USE_SCALAR_8X32 1
| #define HAVE_LIBCRYPTO 1
| #define ENABLE_OPENSSL_TESTS 1
| #define USE_ECMULT_STATIC_PRECOMPUTATION 1
| #define ENABLE_MODULE_RECOVERY 1
| /* end confdefs.h.  */
| #include <sys/types.h>
| 		#include <sys/param.h>
| 
| int
| main ()
| {
| #if BYTE_ORDER != BIG_ENDIAN
| 		 not big endian
| 		#endif
| 
|   ;
|   return 0;
| }
configure:14614: result: no
configure:14633: Using assembly optimizations: no
configure:14635: Using field implementation: 32bit
configure:14637: Using bignum implementation: no
configure:14639: Using scalar implementation: 32bit
configure:14641: Using endomorphism optimizations: no
configure:14643: Building ECDSA pubkey recovery module: yes
configure:14838: checking that generated files are newer than configure
configure:14844: result: done
configure:14896: creating ./config.status

## ---------------------- ##
## Running config.status. ##
## ---------------------- ##

This file was extended by libsecp256k1 config.status 0.1, which was
generated by GNU Autoconf 2.69.  Invocation command line was

  CONFIG_FILES    = 
  CONFIG_HEADERS  = 
  CONFIG_LINKS    = 
  CONFIG_COMMANDS = 
  $ ./config.status 

on ubuntu

config.status:1139: creating Makefile
config.status:1139: creating libsecp256k1.pc
config.status:1139: creating src/libsecp256k1-config.h
config.status:1320: src/libsecp256k1-config.h is unchanged
config.status:1368: executing depfiles commands
config.status:1368: executing libtool commands

## ---------------- ##
## Cache variables. ##
## ---------------- ##

ac_cv_build=x86_64-pc-linux-gnu
ac_cv_build_prog_CPP='gcc -E'
ac_cv_build_prog_cc_g=yes
ac_cv_c_bigendian=no
ac_cv_c_compiler_gnu=yes
ac_cv_env_CC_set=
ac_cv_env_CC_value=
ac_cv_env_CFLAGS_set=
ac_cv_env_CFLAGS_value=
ac_cv_env_CPPFLAGS_set=
ac_cv_env_CPPFLAGS_value=
ac_cv_env_CPP_set=
ac_cv_env_CPP_value=
ac_cv_env_CRYPTO_CFLAGS_set=
ac_cv_env_CRYPTO_CFLAGS_value=
ac_cv_env_CRYPTO_LIBS_set=
ac_cv_env_CRYPTO_LIBS_value=
ac_cv_env_LDFLAGS_set=
ac_cv_env_LDFLAGS_value=
ac_cv_env_LIBS_set=
ac_cv_env_LIBS_value=
ac_cv_env_LT_SYS_LIBRARY_PATH_set=
ac_cv_env_LT_SYS_LIBRARY_PATH_value=
ac_cv_env_PKG_CONFIG_LIBDIR_set=
ac_cv_env_PKG_CONFIG_LIBDIR_value=
ac_cv_env_PKG_CONFIG_PATH_set=
ac_cv_env_PKG_CONFIG_PATH_value=
ac_cv_env_PKG_CONFIG_set=
ac_cv_env_PKG_CONFIG_value=
ac_cv_env_build_alias_set=
ac_cv_env_build_alias_value=
ac_cv_env_host_alias_set=set
ac_cv_env_host_alias_value=i686-w64-mingw32.static
ac_cv_env_target_alias_set=
ac_cv_env_target_alias_value=
ac_cv_exeext=.exe
ac_cv_header_dlfcn_h=no
ac_cv_header_gmp_h=no
ac_cv_header_inttypes_h=yes
ac_cv_header_memory_h=yes
ac_cv_header_stdc=yes
ac_cv_header_stdint_h=yes
ac_cv_header_stdlib_h=yes
ac_cv_header_string_h=yes
ac_cv_header_strings_h=yes
ac_cv_header_sys_stat_h=yes
ac_cv_header_sys_types_h=yes
ac_cv_header_unistd_h=yes
ac_cv_host=i686-w64-mingw32.static
ac_cv_lib_crypto_main=yes
ac_cv_objext=o
ac_cv_path_AR=/mnt/mxe/usr/bin/i686-w64-mingw32.static-ar
ac_cv_path_EGREP='/bin/grep -E'
ac_cv_path_FGREP='/bin/grep -F'
ac_cv_path_GREP=/bin/grep
ac_cv_path_PKG_CONFIG=/mnt/mxe/usr/bin/i686-w64-mingw32.static-pkg-config
ac_cv_path_RANLIB=/mnt/mxe/usr/bin/i686-w64-mingw32.static-ranlib
ac_cv_path_SED=/bin/sed
ac_cv_path_STRIP=/mnt/mxe/usr/bin/i686-w64-mingw32.static-strip
ac_cv_path_install='/usr/bin/install -c'
ac_cv_path_lt_DD=/bin/dd
ac_cv_path_mkdir=/bin/mkdir
ac_cv_prog_AR=i686-w64-mingw32.static-ar
ac_cv_prog_AWK=mawk
ac_cv_prog_CC=i686-w64-mingw32.static-gcc
ac_cv_prog_CPP='i686-w64-mingw32.static-gcc -E'
ac_cv_prog_DLLTOOL=i686-w64-mingw32.static-dlltool
ac_cv_prog_OBJDUMP=i686-w64-mingw32.static-objdump
ac_cv_prog_RANLIB=i686-w64-mingw32.static-ranlib
ac_cv_prog_STRIP=i686-w64-mingw32.static-strip
ac_cv_prog_ac_ct_CC_FOR_BUILD=gcc
ac_cv_prog_ac_ct_MANIFEST_TOOL=mt
ac_cv_prog_cc_c89=
ac_cv_prog_cc_g=yes
ac_cv_prog_make_make_set=yes
ac_cv_type___int128=no
am_cv_CC_dependencies_compiler_type=gcc3
am_cv_make_support_nested_variables=yes
am_cv_prog_cc_c_o=yes
lt_cv_ar_at_file=@
lt_cv_deplibs_check_method='file_magic ^x86 archive import|^x86 DLL'
lt_cv_file_magic_cmd=func_win32_libid
lt_cv_file_magic_test_file=
lt_cv_ld_reload_flag=-r
lt_cv_nm_interface='BSD nm'
lt_cv_objdir=.libs
lt_cv_path_LD=/mnt/mxe/usr/bin/i686-w64-mingw32.static-ld
lt_cv_path_NM='/mnt/mxe/usr/bin/i686-w64-mingw32.static-nm -B'
lt_cv_path_mainfest_tool=no
lt_cv_prog_compiler_c_o=yes
lt_cv_prog_compiler_pic='-DDLL_EXPORT -DPIC'
lt_cv_prog_compiler_pic_works=yes
lt_cv_prog_compiler_rtti_exceptions=no
lt_cv_prog_compiler_static_works=yes
lt_cv_prog_gnu_ld=yes
lt_cv_sharedlib_from_linklib_cmd=func_cygming_dll_for_implib
lt_cv_sys_global_symbol_pipe='sed -n -e '\''s/^.*[	 ]\([ABCDGIRSTW][ABCDGIRSTW]*\)[	 ][	 ]*_\([_A-Za-z][_A-Za-z0-9]*\)$/\1 _\2 \2/p'\'' | sed '\''/ __gnu_lto/d'\'''
lt_cv_sys_global_symbol_to_c_name_address='sed -n -e '\''s/^: \(.*\) .*$/  {"\1", (void *) 0},/p'\'' -e '\''s/^[ABCDGIRSTW][ABCDGIRSTW]* .* \(.*\)$/  {"\1", (void *) \&\1},/p'\'''
lt_cv_sys_global_symbol_to_c_name_address_lib_prefix='sed -n -e '\''s/^: \(.*\) .*$/  {"\1", (void *) 0},/p'\'' -e '\''s/^[ABCDGIRSTW][ABCDGIRSTW]* .* \(lib.*\)$/  {"\1", (void *) \&\1},/p'\'' -e '\''s/^[ABCDGIRSTW][ABCDGIRSTW]* .* \(.*\)$/  {"lib\1", (void *) \&\1},/p'\'''
lt_cv_sys_global_symbol_to_cdecl='sed -n -e '\''s/^T .* \(.*\)$/extern int \1();/p'\'' -e '\''s/^[ABCDGIRSTW][ABCDGIRSTW]* .* \(.*\)$/extern char \1;/p'\'''
lt_cv_sys_global_symbol_to_import=
lt_cv_sys_max_cmd_len=1572864
lt_cv_to_host_file_cmd=func_convert_file_nix_to_w32
lt_cv_to_tool_file_cmd=func_convert_file_noop
lt_cv_truncate_bin='/bin/dd bs=4096 count=1'
pkg_cv_CRYPTO_CFLAGS=' '
pkg_cv_CRYPTO_LIBS='-lcrypto -lws2_32 -lgdi32 -lcrypt32 -lz  '

## ----------------- ##
## Output variables. ##
## ----------------- ##

ACLOCAL='${SHELL} /home/spectre/Desktop/SpectreSecurityCoin/src/secp256k1/build-aux/missing aclocal-1.15'
AMDEPBACKSLASH='\'
AMDEP_FALSE='#'
AMDEP_TRUE=''
AMTAR='$${TAR-tar}'
AM_BACKSLASH='\'
AM_DEFAULT_V='$(AM_DEFAULT_VERBOSITY)'
AM_DEFAULT_VERBOSITY='0'
AM_V='$(V)'
AR='/mnt/mxe/usr/bin/i686-w64-mingw32.static-ar'
AUTOCONF='${SHELL} /home/spectre/Desktop/SpectreSecurityCoin/src/secp256k1/build-aux/missing autoconf'
AUTOHEADER='${SHELL} /home/spectre/Desktop/SpectreSecurityCoin/src/secp256k1/build-aux/missing autoheader'
AUTOMAKE='${SHELL} /home/spectre/Desktop/SpectreSecurityCoin/src/secp256k1/build-aux/missing automake-1.15'
AWK='mawk'
BREW=''
BUILD_EXEEXT=''
BUILD_OBJEXT=''
CC='i686-w64-mingw32.static-gcc'
CCDEPMODE='depmode=gcc3'
CC_FOR_BUILD='gcc'
CFLAGS='-g -O2 -W -std=c89 -pedantic -Wall -Wextra -Wcast-align -Wnested-externs -Wshadow -Wstrict-prototypes -Wno-unused-function -Wno-long-long -Wno-overlength-strings -fvisibility=hidden'
CFLAGS_FOR_BUILD='-g -O2'
CPP='i686-w64-mingw32.static-gcc -E'
CPPFLAGS=''
CPPFLAGS_FOR_BUILD=''
CPP_FOR_BUILD='gcc -E'
CRYPTO_CFLAGS=' '
CRYPTO_LIBS='-lcrypto -lws2_32 -lgdi32 -lcrypt32 -lz  '
CYGPATH_W='echo'
DEFS='-DHAVE_CONFIG_H'
DEPDIR='.deps'
DLLTOOL='i686-w64-mingw32.static-dlltool'
DSYMUTIL=''
DUMPBIN=''
ECHO_C=''
ECHO_N='-n'
ECHO_T=''
EGREP='/bin/grep -E'
ENABLE_MODULE_ECDH_FALSE=''
ENABLE_MODULE_ECDH_TRUE='#'
ENABLE_MODULE_RECOVERY_FALSE='#'
ENABLE_MODULE_RECOVERY_TRUE=''
ENABLE_MODULE_SCHNORR_FALSE=''
ENABLE_MODULE_SCHNORR_TRUE='#'
EXEEXT='.exe'
FGREP='/bin/grep -F'
GREP='/bin/grep'
INSTALL_DATA='${INSTALL} -m 644'
INSTALL_PROGRAM='${INSTALL}'
INSTALL_SCRIPT='${INSTALL}'
INSTALL_STRIP_PROGRAM='$(install_sh) -c -s'
LD='/mnt/mxe/usr/bin/i686-w64-mingw32.static-ld'
LDFLAGS=''
LDFLAGS_FOR_BUILD=''
LIBOBJS=''
LIBS=''
LIBTOOL='$(SHELL) $(top_builddir)/libtool'
LIPO=''
LN_S='ln -s'
LTLIBOBJS=''
LT_SYS_LIBRARY_PATH=''
MAKEINFO='${SHELL} /home/spectre/Desktop/SpectreSecurityCoin/src/secp256k1/build-aux/missing makeinfo'
MANIFEST_TOOL=':'
MKDIR_P='/bin/mkdir -p'
NM='/mnt/mxe/usr/bin/i686-w64-mingw32.static-nm -B'
NMEDIT=''
OBJDUMP='i686-w64-mingw32.static-objdump'
OBJEXT='o'
OTOOL64=''
OTOOL=''
PACKAGE='libsecp256k1'
PACKAGE_BUGREPORT=''
PACKAGE_NAME='libsecp256k1'
PACKAGE_STRING='libsecp256k1 0.1'
PACKAGE_TARNAME='libsecp256k1'
PACKAGE_URL=''
PACKAGE_VERSION='0.1'
PATH_SEPARATOR=':'
PKG_CONFIG='/mnt/mxe/usr/bin/i686-w64-mingw32.static-pkg-config'
PKG_CONFIG_LIBDIR=''
PKG_CONFIG_PATH=''
PORT=''
RANLIB='/mnt/mxe/usr/bin/i686-w64-mingw32.static-ranlib'
SECP_INCLUDES=''
SECP_LIBS=''
SECP_TEST_INCLUDES='  '
SECP_TEST_LIBS='-lcrypto -lws2_32 -lgdi32 -lcrypt32 -lz   -lgdi32'
SED='/bin/sed'
SET_MAKE=''
SHELL='/bin/bash'
STRIP='/mnt/mxe/usr/bin/i686-w64-mingw32.static-strip'
USE_BENCHMARK_FALSE=''
USE_BENCHMARK_TRUE='#'
USE_ECMULT_STATIC_PRECOMPUTATION_FALSE='#'
USE_ECMULT_STATIC_PRECOMPUTATION_TRUE=''
USE_TESTS_FALSE='#'
USE_TESTS_TRUE=''
VERSION='0.1'
ac_ct_AR=''
ac_ct_CC=''
ac_ct_CC_FOR_BUILD='gcc'
ac_ct_DUMPBIN=''
am__EXEEXT_FALSE='#'
am__EXEEXT_TRUE=''
am__fastdepCC_FALSE='#'
am__fastdepCC_TRUE=''
am__include='include'
am__isrc=''
am__leading_dot='.'
am__nodep='_no'
am__quote=''
am__tar='$${TAR-tar} chof - "$$tardir"'
am__untar='$${TAR-tar} xf -'
bindir='${exec_prefix}/bin'
build='x86_64-pc-linux-gnu'
build_alias=''
build_cpu='x86_64'
build_os='linux-gnu'
build_vendor='pc'
datadir='${datarootdir}'
datarootdir='${prefix}/share'
docdir='${datarootdir}/doc/${PACKAGE_TARNAME}'
dvidir='${docdir}'
exec_prefix='${prefix}'
host='i686-w64-mingw32.static'
host_alias='i686-w64-mingw32.static'
host_cpu='i686'
host_os='mingw32.static'
host_vendor='w64'
htmldir='${docdir}'
includedir='${prefix}/include'
infodir='${datarootdir}/info'
install_sh='${SHELL} /home/spectre/Desktop/SpectreSecurityCoin/src/secp256k1/build-aux/install-sh'
libdir='${exec_prefix}/lib'
libexecdir='${exec_prefix}/libexec'
localedir='${datarootdir}/locale'
localstatedir='${prefix}/var'
mandir='${datarootdir}/man'
mkdir_p='$(MKDIR_P)'
oldincludedir='/usr/include'
pdfdir='${docdir}'
prefix='/usr/local'
program_transform_name='s,x,x,'
psdir='${docdir}'
runstatedir='${localstatedir}/run'
sbindir='${exec_prefix}/sbin'
sharedstatedir='${prefix}/com'
sysconfdir='${prefix}/etc'
target_alias=''

## ----------- ##
## confdefs.h. ##
## ----------- ##

/* confdefs.h */
#define PACKAGE_NAME "libsecp256k1"
#define PACKAGE_TARNAME "libsecp256k1"
#define PACKAGE_VERSION "0.1"
#define PACKAGE_STRING "libsecp256k1 0.1"
#define PACKAGE_BUGREPORT ""
#define PACKAGE_URL ""
#define PACKAGE "libsecp256k1"
#define VERSION "0.1"
#define STDC_HEADERS 1
#define HAVE_SYS_TYPES_H 1
#define HAVE_SYS_STAT_H 1
#define HAVE_STDLIB_H 1
#define HAVE_STRING_H 1
#define HAVE_MEMORY_H 1
#define HAVE_STRINGS_H 1
#define HAVE_INTTYPES_H 1
#define HAVE_STDINT_H 1
#define HAVE_UNISTD_H 1
#define LT_OBJDIR ".libs/"
#define HAVE_BUILTIN_EXPECT 1
#define USE_FIELD_10X26 1
#define USE_NUM_NONE 1
#define USE_FIELD_INV_BUILTIN 1
#define USE_SCALAR_INV_BUILTIN 1
#define USE_SCALAR_8X32 1
#define HAVE_LIBCRYPTO 1
#define ENABLE_OPENSSL_TESTS 1
#define USE_ECMULT_STATIC_PRECOMPUTATION 1
#define ENABLE_MODULE_RECOVERY 1

configure: exit 0
